  action.cpp
d:\old ファイル\school\school\3年\gm31\frameworkrepo\trunk\directx_frame\billboard.h(18): warning C4091: 'typedef ': 変数が何も宣言されていないときは、'DRAW_TYPE' の左辺を無視します。
  actionBase.cpp
d:\old ファイル\school\school\3年\gm31\frameworkrepo\trunk\directx_frame\billboard.h(18): warning C4091: 'typedef ': 変数が何も宣言されていないときは、'DRAW_TYPE' の左辺を無視します。
  billboard.cpp
d:\old ファイル\school\school\3年\gm31\frameworkrepo\trunk\directx_frame\billboard.h(18): warning C4091: 'typedef ': 変数が何も宣言されていないときは、'DRAW_TYPE' の左辺を無視します。
  box.cpp
  bullet.cpp
d:\old ファイル\school\school\3年\gm31\frameworkrepo\trunk\directx_frame\billboard.h(18): warning C4091: 'typedef ': 変数が何も宣言されていないときは、'DRAW_TYPE' の左辺を無視します。
  camera.cpp
  character.cpp
d:\old ファイル\school\school\3年\gm31\frameworkrepo\trunk\directx_frame\billboard.h(18): warning C4091: 'typedef ': 変数が何も宣言されていないときは、'DRAW_TYPE' の左辺を無視します。
  class.cpp
  collision.cpp
  controller.cpp
  Effekseer.cpp
  emitter.cpp
d:\old ファイル\school\school\3年\gm31\frameworkrepo\trunk\directx_frame\billboard.h(18): warning C4091: 'typedef ': 変数が何も宣言されていないときは、'DRAW_TYPE' の左辺を無視します。
  enemy.cpp
d:\old ファイル\school\school\3年\gm31\frameworkrepo\trunk\directx_frame\billboard.h(18): warning C4091: 'typedef ': 変数が何も宣言されていないときは、'DRAW_TYPE' の左辺を無視します。
  fade.cpp
d:\old ファイル\school\school\3年\gm31\frameworkrepo\trunk\directx_frame\billboard.h(18): warning C4091: 'typedef ': 変数が何も宣言されていないときは、'DRAW_TYPE' の左辺を無視します。
  field.cpp
d:\old ファイル\school\school\3年\gm31\frameworkrepo\trunk\directx_frame\billboard.h(18): warning C4091: 'typedef ': 変数が何も宣言されていないときは、'DRAW_TYPE' の左辺を無視します。
  game.cpp
d:\old ファイル\school\school\3年\gm31\frameworkrepo\trunk\directx_frame\billboard.h(18): warning C4091: 'typedef ': 変数が何も宣言されていないときは、'DRAW_TYPE' の左辺を無視します。
  input.cpp
  light.cpp
  main.cpp
  manager.cpp
d:\old ファイル\school\school\3年\gm31\frameworkrepo\trunk\directx_frame\billboard.h(18): warning C4091: 'typedef ': 変数が何も宣言されていないときは、'DRAW_TYPE' の左辺を無視します。
  コンパイル中...
  moveToPlayer.cpp
d:\old ファイル\school\school\3年\gm31\frameworkrepo\trunk\directx_frame\billboard.h(18): warning C4091: 'typedef ': 変数が何も宣言されていないときは、'DRAW_TYPE' の左辺を無視します。
  moveToPos.cpp
d:\old ファイル\school\school\3年\gm31\frameworkrepo\trunk\directx_frame\billboard.h(18): warning C4091: 'typedef ': 変数が何も宣言されていないときは、'DRAW_TYPE' の左辺を無視します。
  moveToRandom.cpp
d:\old ファイル\school\school\3年\gm31\frameworkrepo\trunk\directx_frame\billboard.h(18): warning C4091: 'typedef ': 変数が何も宣言されていないときは、'DRAW_TYPE' の左辺を無視します。
  number.cpp
  particle.cpp
d:\old ファイル\school\school\3年\gm31\frameworkrepo\trunk\directx_frame\billboard.h(18): warning C4091: 'typedef ': 変数が何も宣言されていないときは、'DRAW_TYPE' の左辺を無視します。
  player.cpp
d:\old ファイル\school\school\3年\gm31\frameworkrepo\trunk\directx_frame\billboard.h(18): warning C4091: 'typedef ': 変数が何も宣言されていないときは、'DRAW_TYPE' の左辺を無視します。
  renderer.cpp
  result.cpp
d:\old ファイル\school\school\3年\gm31\frameworkrepo\trunk\directx_frame\billboard.h(18): warning C4091: 'typedef ': 変数が何も宣言されていないときは、'DRAW_TYPE' の左辺を無視します。
  root.cpp
  scene.cpp
  scene2D.cpp
  scene3D.cpp
  sceneModel.cpp
sceneModel.cpp(77): warning C4018: '<': signed と unsigned の数値を比較しようとしました。
sceneModel.cpp(164): warning C4018: '<': signed と unsigned の数値を比較しようとしました。
  sceneModelFBX.cpp
  sceneShadow.cpp
  sceneSkinMesh.cpp
  shader.cpp
  SkinMeshData.cpp
SkinMeshData.cpp(9): warning C4316: 'FrameData': ヒープで割り当てられたオブジェクトが 16 にアラインメントされていない可能性があります
SkinMeshData.cpp(78): warning C4018: '<': signed と unsigned の数値を比較しようとしました。
SkinMeshData.cpp(204): warning C4018: '<': signed と unsigned の数値を比較しようとしました。
  SkinMeshFile.cpp
SkinMeshFile.cpp(54): warning C4018: '<': signed と unsigned の数値を比較しようとしました。
SkinMeshFile.cpp(218): warning C4018: '<': signed と unsigned の数値を比較しようとしました。
SkinMeshFile.cpp(337): warning C4244: '初期化中': 'DOUBLE' から 'FLOAT' への変換です。データが失われる可能性があります。
  skybox.cpp
  コンパイル中...
  sound.cpp
  targetPoint.cpp
  texture.cpp
  title.cpp
d:\old ファイル\school\school\3年\gm31\frameworkrepo\trunk\directx_frame\billboard.h(18): warning C4091: 'typedef ': 変数が何も宣言されていないときは、'DRAW_TYPE' の左辺を無視します。
  wait.cpp
d:\old ファイル\school\school\3年\gm31\frameworkrepo\trunk\directx_frame\billboard.h(18): warning C4091: 'typedef ': 変数が何も宣言されていないときは、'DRAW_TYPE' の左辺を無視します。
  waitTime.cpp
d:\old ファイル\school\school\3年\gm31\frameworkrepo\trunk\directx_frame\billboard.h(18): warning C4091: 'typedef ': 変数が何も宣言されていないときは、'DRAW_TYPE' の左辺を無視します。
  wall.cpp
  コード生成しています。
  956 of 5047 functions (18.9%) were compiled, the rest were copied from previous compilation.
    127 functions were new in current compilation
    214 functions had inline decision re-evaluated but remain unchanged
  コード生成が終了しました。
  FrameWork.vcxproj -> D:\Old ファイル\school\school\3年\GM31\FrameWorkRepo\trunk\DirectX_Frame\Release\FrameWork.exe
  FrameWork.vcxproj -> D:\Old ファイル\school\school\3年\GM31\FrameWorkRepo\trunk\DirectX_Frame\Release\FrameWork.pdb (Full PDB)
